<?xml version="1.0" encoding="UTF-8" ?>
<testsuite tests="2" failures="2" name="TestSuite" time="0.009" errors="0" skipped="0">
  <properties>
[...]
</properties>
  <testcase classname="tests.login.SuccessfulLoginTest" name="successfulLoginTest" time="0.009">
    <failure type="java.lang.NullPointerException">java.lang.NullPointerException
	at base.BaseTest.goToLogInPage(BaseTest.java:26)
	at tests.login.SuccessfulLoginTest.successfulLoginTest(SuccessfulLoginTest.java:14)
</failure>
    <system-out>Configuring TestNG with: org.apache.maven.surefire.testng.conf.TestNGMapConfigurator@53f65459
16:43:16.985 [main] INFO  base.LoginBaseTest - Go to Landing Page
</system-out>
    <system-err>Starting ChromeDriver 86.0.4240.22 (398b0743353ff36fb1b82468f63a3a93b4e2e89e-refs/branch-heads/4240@{#378}) on port 32841
Only local connections are allowed.
Please see https://chromedriver.chromium.org/security-considerations for suggestions on keeping ChromeDriver safe.
ChromeDriver was started successfully.
[1606142592.344][WARNING]: This version of ChromeDriver has not been tested with Chrome version 87.
Nov 23, 2020 4:43:14 PM org.openqa.selenium.remote.ProtocolHandshake createSession
INFO: Detected dialect: W3C
</system-err>
  </testcase>
  <testcase classname="tests.signup.SuccessfulSignUpTest" name="successfulSignUpTest" time="0">
    <failure type="java.lang.NullPointerException">java.lang.NullPointerException
	at base.BaseTest.goToLogInPage(BaseTest.java:26)
	at tests.signup.SuccessfulSignUpTest.successfulSignUpTest(SuccessfulSignUpTest.java:17)
</failure>
    <system-out>16:43:16.992 [main] INFO  base.LoginBaseTest - Go to Landing Page
</system-out>
  </testcase>
</testsuite>